Arguments: 
  C:\Program Files\nodejs\node.exe C:\Program Files (x86)\Yarn\bin\yarn.js install

PATH: 
  C:\Users\yuan_\anaconda3;C:\Users\yuan_\anaconda3\Library\mingw-w64\bin;C:\Users\yuan_\anaconda3\Library\usr\bin;C:\Users\yuan_\anaconda3\Library\bin;C:\Users\yuan_\anaconda3\Scripts;C:\Users\yuan_\anaconda3\bin;C:\Users\yuan_\anaconda3\condabin;C:\Python310\Scripts;C:\Python310;C:\Windows\system32;C:\Windows;C:\Windows\System32\Wbem;C:\Windows\System32\WindowsPowerShell\v1.0;C:\Windows\System32\OpenSSH;C:\Users\yuan_\anaconda3\Scripts;C:\Users\yuan_\anaconda3\Library\bin;C:\Users\yuan_\anaconda3\Library\mingw-w64\bin;C:\Users\yuan_\anaconda3\bin;C:\texlive\2022\bin\win32;C:\Program Files (x86)\Yarn\bin;C:\Program Files\nodejs;C:\ProgramData\chocolatey\bin;C:\Users\yuan_\AppData\Local\Microsoft\WindowsApps;C:\Users\yuan_\AppData\Local\Programs\Microsoft VS Code\bin;C:\Program Files\JetBrains\WebStorm 2022.1\bin;C:\Users\yuan_\AppData\Local\Yarn\bin;C:\Users\yuan_\AppData\Roaming\npm

Yarn version: 
  1.22.18

Node version: 
  16.15.0

Platform: 
  win32 x64

Trace: 
  Error: getaddrinfo ENOTFOUND registry.cnpmjs.org
      at GetAddrInfoReqWrap.onlookup [as oncomplete] (node:dns:71:26)

npm manifest: 
  {
    "name": "antd-form-builder-example",
    "homepage": ".",
    "version": "0.0.0",
    "license": "MIT",
    "private": true,
    "dependencies": {
      "@ant-design/compatible": "^1.0.1",
      "@ant-design/icons": "^4.0.2",
      "antd": "^4.20.4",
      "antd-form-builder": "^2.1.3",
      "prop-types": "^15.6.2",
      "raw-loader": "^3.1.0",
      "react": "^16.13.1",
      "react-dom": "^16.13.1",
      "react-scripts": "^1.1.4"
    },
    "scripts": {
      "start": "react-scripts start",
      "build": "react-scripts build && rm -rf ../docs/examples-v4 && mv build ../docs/examples-v4",
      "test": "react-scripts test --env=jsdom",
      "eject": "react-scripts eject"
    }
  }

yarn manifest: 
  No manifest

Lockfile: 
  No lockfile
